{"/Users/roselmamendes/Documents/programming/TocadorDeMusica/spec/play_music_spec.js":{"path":"/Users/roselmamendes/Documents/programming/TocadorDeMusica/spec/play_music_spec.js","s":{"1":1,"2":1,"3":0,"4":0,"5":0,"6":0,"7":0,"8":0,"9":0,"10":0,"11":0,"12":0,"13":0,"14":0,"15":0,"16":0,"17":0,"18":0,"19":0,"20":0,"21":0,"22":0,"23":0,"24":0},"b":{},"f":{"1":0,"2":0,"3":0,"4":0,"5":0,"6":0},"fnMap":{"1":{"name":"(anonymous_1)","line":3,"loc":{"start":{"line":3,"column":29},"end":{"line":3,"column":39}}},"2":{"name":"(anonymous_2)","line":9,"loc":{"start":{"line":9,"column":12},"end":{"line":9,"column":22}}},"3":{"name":"(anonymous_3)","line":13,"loc":{"start":{"line":13,"column":29},"end":{"line":13,"column":39}}},"4":{"name":"(anonymous_4)","line":18,"loc":{"start":{"line":18,"column":42},"end":{"line":18,"column":52}}},"5":{"name":"(anonymous_5)","line":25,"loc":{"start":{"line":25,"column":31},"end":{"line":25,"column":41}}},"6":{"name":"(anonymous_6)","line":31,"loc":{"start":{"line":31,"column":42},"end":{"line":31,"column":52}}}},"statementMap":{"1":{"start":{"line":1,"column":0},"end":{"line":1,"column":27}},"2":{"start":{"line":3,"column":0},"end":{"line":37,"column":3}},"3":{"start":{"line":5,"column":1},"end":{"line":5,"column":51}},"4":{"start":{"line":6,"column":1},"end":{"line":6,"column":19}},"5":{"start":{"line":7,"column":1},"end":{"line":7,"column":50}},"6":{"start":{"line":9,"column":1},"end":{"line":11,"column":4}},"7":{"start":{"line":10,"column":2},"end":{"line":10,"column":24}},"8":{"start":{"line":13,"column":1},"end":{"line":16,"column":4}},"9":{"start":{"line":14,"column":2},"end":{"line":14,"column":26}},"10":{"start":{"line":15,"column":2},"end":{"line":15,"column":49}},"11":{"start":{"line":18,"column":1},"end":{"line":23,"column":3}},"12":{"start":{"line":19,"column":2},"end":{"line":19,"column":64}},"13":{"start":{"line":20,"column":2},"end":{"line":20,"column":26}},"14":{"start":{"line":21,"column":2},"end":{"line":21,"column":27}},"15":{"start":{"line":22,"column":2},"end":{"line":22,"column":55}},"16":{"start":{"line":25,"column":1},"end":{"line":29,"column":4}},"17":{"start":{"line":26,"column":2},"end":{"line":26,"column":23}},"18":{"start":{"line":27,"column":2},"end":{"line":27,"column":16}},"19":{"start":{"line":28,"column":2},"end":{"line":28,"column":41}},"20":{"start":{"line":31,"column":1},"end":{"line":36,"column":4}},"21":{"start":{"line":32,"column":2},"end":{"line":32,"column":26}},"22":{"start":{"line":33,"column":2},"end":{"line":33,"column":23}},"23":{"start":{"line":34,"column":2},"end":{"line":34,"column":16}},"24":{"start":{"line":35,"column":2},"end":{"line":35,"column":55}}},"branchMap":{}}}